[debug] [2022-04-16T18:52:29.432Z] ----------------------------------------------------------------------
[debug] [2022-04-16T18:52:29.434Z] Command:       D:\nodejs\node.exe C:\Users\bacs2\AppData\Roaming\npm\node_modules\firebase-tools\lib\bin\firebase.js init hosting:github
[debug] [2022-04-16T18:52:29.434Z] CLI Version:   10.6.0
[debug] [2022-04-16T18:52:29.434Z] Platform:      win32
[debug] [2022-04-16T18:52:29.434Z] Node Version:  v16.14.0
[debug] [2022-04-16T18:52:29.435Z] Time:          Sat Apr 16 2022 14:52:29 GMT-0400 (Venezuela Time)
[debug] [2022-04-16T18:52:29.435Z] ----------------------------------------------------------------------
[debug] 
[debug] [2022-04-16T18:52:29.504Z] > command requires scopes: ["email","openid","https://www.googleapis.com/auth/cloudplatformprojects.readonly","https://www.googleapis.com/auth/firebase","https://www.googleapis.com/auth/cloud-platform"]
[debug] [2022-04-16T18:52:29.505Z] > authorizing via signed-in user (ucb.start.project@gmail.com)
[info] 
     ######## #### ########  ######## ########     ###     ######  ########
     ##        ##  ##     ## ##       ##     ##  ##   ##  ##       ##
     ######    ##  ########  ######   ########  #########  ######  ######
     ##        ##  ##    ##  ##       ##     ## ##     ##       ## ##
     ##       #### ##     ## ######## ########  ##     ##  ######  ########

You're about to initialize a Firebase project in this directory:

  C:\Users\bacs2\Downloads\Taller Desarrollo De Software\frontend\StartApp-Frontend

Before we get started, keep in mind:

  * You are initializing within an existing Firebase project directory

